<?xml version="1.0"?>
<!--
  ~ Copyright (c) 2010-2013 Evolveum
  ~
  ~ Licensed under the Apache License, Version 2.0 (the "License");
  ~ you may not use this file except in compliance with the License.
  ~ You may obtain a copy of the License at
  ~
  ~     http://www.apache.org/licenses/LICENSE-2.0
  ~
  ~ Unless required by applicable law or agreed to in writing, software
  ~ distributed under the License is distributed on an "AS IS" BASIS,
  ~ WITHOUT WARRANTIES OR CONDITIONS OF ANY KIND, either express or implied.
  ~ See the License for the specific language governing permissions and
  ~ limitations under the License.
  -->
<configuration>
    <midpoint>
        <global>
            <extensionDir>./src/test/resources/schema</extensionDir>
        </global>
        <repository>
            <repositoryServiceFactoryClass>com.evolveum.midpoint.repo.sql.testing.TestSqlRepositoryFactory</repositoryServiceFactoryClass>
            <port>5438</port>
            <asServer>true</asServer>
            <!--<baseDir>target</baseDir>-->
            <dropIfExists>true</dropIfExists>
        </repository>
        <workflow>
            <enabled>true</enabled>
            <allowApproveOthersItems>true</allowApproveOthersItems>
            <jdbcUrl>jdbc:h2:mem:activiti;DB_CLOSE_DELAY=1000</jdbcUrl>
            <jdbcDriver>org.h2.Driver</jdbcDriver>
            <jdbcUsername>sa</jdbcUsername>
            <jdbcPassword/>
            <!-- <autoDeploymentFrom>file:d:/midpoint/home/processes/*.bpmn20.xml</autoDeploymentFrom> -->
            <changeProcessors>
                <generalChangeProcessor>
                    <enabled>true</enabled>
                    <c:generalChangeProcessorConfiguration xmlns:c="http://midpoint.evolveum.com/xml/ns/public/common/common-3">
                        <c:scenario>
                            <c:name>primaryScenario</c:name>
                            <c:activationCondition>
                                <c:script><c:code>context.getState() == com.evolveum.midpoint.model.api.context.ModelState.PRIMARY</c:code></c:script>
                            </c:activationCondition>
                            <c:processName>MyGreatPrimaryProcess</c:processName>
                        </c:scenario>
                        <c:scenario>
                            <c:name>secondaryScenario</c:name>
                            <c:activationCondition>
                                <c:script>
                                    <c:code><![CDATA[
                                        context.getState() == com.evolveum.midpoint.model.api.context.ModelState.SECONDARY &&
                                        context.findProjectionContext(new com.evolveum.midpoint.common.refinery.ResourceShadowDiscriminator("10000000-0000-0000-0000-000000000004", com.evolveum.midpoint.xml.ns._public.common.common_3.ShadowKindType.ACCOUNT, null)) != null
                                        ]]></c:code>
                                </c:script>
                            </c:activationCondition>
                            <c:processName>ApprovingDummyResourceChangesProcess</c:processName>
                            <c:beanName>approvingDummyResourceChangesScenarioBean</c:beanName>
                        </c:scenario>
                    </c:generalChangeProcessorConfiguration>
                </generalChangeProcessor>
                <primaryUserChangeProcessor>
                    <enabled>true</enabled>
                    <aspect>addRoleAssignmentAspect</aspect>
                    <aspect>changePasswordAspect</aspect>
                </primaryUserChangeProcessor>
            </changeProcessors>
        </workflow>
        <audit>
            <auditService>
                <auditServiceFactoryClass>com.evolveum.midpoint.audit.impl.LoggerAuditServiceFactory</auditServiceFactoryClass>
            </auditService>
            <auditService>
                <auditServiceFactoryClass>com.evolveum.midpoint.repo.sql.testing.TestSqlAuditServiceFactory</auditServiceFactoryClass>
            </auditService>
            <auditService>
                <auditServiceFactoryClass>com.evolveum.midpoint.test.DummyAuditServiceFactory</auditServiceFactoryClass>
            </auditService>
        </audit>
        <taskManager>
            <jdbcJobStore>false</jdbcJobStore>
            <testMode>true</testMode>
        </taskManager>
        <icf>
            <scanClasspath>true</scanClasspath>
            <scanDirectory>/C:/tmp</scanDirectory>
            <scanDirectory>/var/tmp</scanDirectory>
            <scanDirectory>${midpoint.home}/icf-connectors</scanDirectory>
        </icf>
        <keystore>
            <keyStorePath>${midpoint.home}/keystore.jceks</keyStorePath>
            <keyStorePassword>changeit</keyStorePassword>
            <encryptionKeyAlias>default</encryptionKeyAlias>
        </keystore>
    </midpoint>
</configuration>